\BOOKMARK [1][-]{titlepage.1}{\376\377\134\001\227\142}{}% 1
\BOOKMARK [1][-]{contents.1}{\376\377\166\356\137\125}{}% 2
\BOOKMARK [0][-]{chapter.1}{\376\377\137\025\212\000}{}% 3
\BOOKMARK [1][-]{section.1.1}{\376\377\121\267\146\227\116\221\377\010\000C\000o\000l\000d\000\040\000D\000a\000r\000k\000\040\000C\000l\000o\000u\000d\377\011}{chapter.1}% 4
\BOOKMARK [1][-]{section.1.2}{\376\377\000P\000l\000a\000n\000c\000k\126\342\127\127}{chapter.1}% 5
\BOOKMARK [1][-]{section.1.3}{\376\377\000T\000a\000u\000r\000u\000s\000/\000P\000e\000r\000s\000e\000u\000s\000/\000C\000a\000l\000i\000f\000o\000r\000n\000i\000a\122\006\133\120\116\221\131\015\124\010\117\123}{chapter.1}% 6
\BOOKMARK [1][-]{section.1.4}{\376\377\147\054\145\207\166\204\170\024\172\166\166\356\150\007\124\214\170\024\172\166\145\271\154\325}{chapter.1}% 7
\BOOKMARK [0][-]{chapter.2}{\376\377\133\371\0007\0001\116\052\000P\000l\000a\000n\000c\000k\121\267\126\342\127\127\166\204\000C\000O\000\050\0001\000-\0000\000\051\211\302\155\113}{}% 8
\BOOKMARK [1][-]{section.2.1}{\376\377\211\302\155\113\145\271\154\325\116\016\145\160\143\156\131\004\164\006}{chapter.2}% 9
\BOOKMARK [0][-]{chapter.3}{\376\377\211\302\155\113\176\323\147\234}{}% 10
\BOOKMARK [1][-]{section.3.1}{\376\377\211\302\155\113\123\302\221\317}{chapter.3}% 11
\BOOKMARK [1][-]{section.3.2}{\376\377\133\374\121\372\123\302\221\317}{chapter.3}% 12
\BOOKMARK [0][-]{chapter.4}{\376\377\122\006\147\220\116\016\213\250\213\272}{}% 13
\BOOKMARK [1][-]{section.4.1}{\376\377\214\061\176\277\217\156\136\323}{chapter.4}% 14
\BOOKMARK [1][-]{section.4.2}{\376\377\116\221\150\070\121\205\166\204\156\115\122\250}{chapter.4}% 15
\BOOKMARK [1][-]{section.4.3}{\376\377\116\221\150\070\166\204\221\315\122\233\172\063\133\232\140\047}{chapter.4}% 16
\BOOKMARK [1][-]{section.4.4}{\376\377\154\024\117\123\000-\134\030\127\303\200\046\124\010}{chapter.4}% 17
\BOOKMARK [1][-]{section.4.5}{\376\377\000C\000O\116\060\136\246}{chapter.4}% 18
\BOOKMARK [1][-]{section.4.6}{\376\377\116\221\150\070\166\204\142\020\123\117\140\305\121\265}{chapter.4}% 19
\BOOKMARK [0][-]{appendix*.2}{\376\377\123\302\200\003\145\207\163\056}{}% 20
\BOOKMARK [0][-]{appendix.A}{\376\377\133\374\121\372\123\302\221\317\166\204\213\241\173\227}{}% 21
\BOOKMARK [0][-]{appendix.B}{\376\377\147\054\145\207\116\055\147\057\213\355\166\204\116\055\202\361\133\371\161\147\210\150}{}% 22
\BOOKMARK [0][-]{appendix*.3}{\376\377\201\364\214\042}{}% 23
